<?xml version='1.0'?>
<ns2:test-suite xmlns:ns2='urn:model.allure.qatools.yandex.ru' start='1673086042275' stop='1673086042280'>
    <name>New Login Feature: Verify Good Login</name>
    <title>New Login Feature: Verify Good Login</title>
    <test-cases>
        <test-case start='1673086042275' status='passed' stop='1673086042277'>
            <name></name>
            <title></title>
            <labels>
                <label name='language' value='javascript'/>
                <label name='framework' value='wdio'/>
                <label name='thread' value='0-1'/>
            </labels>
            <parameters>
                <parameter kind='argument' name='browser' value='chrome-108.0.5359.125'/>
            </parameters>
            <steps/>
            <attachments/>
        </test-case>
        <test-case start='1673086042277' status='broken' stop='1673086042278'>
            <name>Given I am on the homepage</name>
            <title>Given I am on the homepage</title>
            <labels>
                <label name='language' value='javascript'/>
                <label name='framework' value='wdio'/>
                <label name='thread' value='0-1'/>
            </labels>
            <parameters>
                <parameter kind='argument' name='browser' value='chrome-108.0.5359.125'/>
            </parameters>
            <steps/>
            <attachments/>
            <failure>
                <message>Step "I am on the homepage" is not defined. You can ignore this error by setting cucumberOpts.ignoreUndefinedDefinitions as true.</message>
                <stack-trace>Step "I am on the homepage" is not defined. You can ignore this error by setting cucumberOpts.ignoreUndefinedDefinitions as true.
                	at Feature(C:\Users\cansu\OneDrive\Belgeler\ts-codes\features\newlogin.feature):1:1
                	at Scenario(Verify Good Login):3:3
                	at Step(I am on the homepage):4:5
                </stack-trace>
            </failure>
        </test-case>
        <test-case start='1673086042278' status='broken' stop='1673086042278'>
            <name>Then Navigate to SignIn page</name>
            <title>Then Navigate to SignIn page</title>
            <labels>
                <label name='language' value='javascript'/>
                <label name='framework' value='wdio'/>
                <label name='thread' value='0-1'/>
            </labels>
            <parameters>
                <parameter kind='argument' name='browser' value='chrome-108.0.5359.125'/>
            </parameters>
            <steps/>
            <attachments/>
            <failure>
                <message>Step "Navigate to SignIn page" is not defined. You can ignore this error by setting cucumberOpts.ignoreUndefinedDefinitions as true.</message>
                <stack-trace>Step "Navigate to SignIn page" is not defined. You can ignore this error by setting cucumberOpts.ignoreUndefinedDefinitions as true.
                	at Feature(C:\Users\cansu\OneDrive\Belgeler\ts-codes\features\newlogin.feature):1:1
                	at Scenario(Verify Good Login):3:3
                	at Step(Navigate to SignIn page):5:5
                </stack-trace>
            </failure>
        </test-case>
        <test-case start='1673086042278' status='passed' stop='1673086042279'>
            <name></name>
            <title></title>
            <labels>
                <label name='language' value='javascript'/>
                <label name='framework' value='wdio'/>
                <label name='thread' value='0-1'/>
            </labels>
            <parameters>
                <parameter kind='argument' name='browser' value='chrome-108.0.5359.125'/>
            </parameters>
            <steps/>
            <attachments/>
        </test-case>
    </test-cases>
</ns2:test-suite>