<?xml version='1.0'?>
<ns2:test-suite xmlns:ns2='urn:model.allure.qatools.yandex.ru' start='1673049711317' stop='1673049711322'>
    <name>Tommy Fake Login: As a user, I can try to login</name>
    <title>Tommy Fake Login: As a user, I can try to login</title>
    <test-cases>
        <test-case start='1673049711317' status='passed' stop='1673049711319'>
            <name></name>
            <title></title>
            <labels>
                <label name='language' value='javascript'/>
                <label name='framework' value='wdio'/>
                <label name='thread' value='0-0'/>
            </labels>
            <parameters>
                <parameter kind='argument' name='browser' value='chrome-108.0.5359.125'/>
            </parameters>
            <steps/>
            <attachments/>
        </test-case>
        <test-case start='1673049711319' status='broken' stop='1673049711320'>
            <name>Given I am on the login page</name>
            <title>Given I am on the login page</title>
            <labels>
                <label name='language' value='javascript'/>
                <label name='framework' value='wdio'/>
                <label name='thread' value='0-0'/>
            </labels>
            <parameters>
                <parameter kind='argument' name='browser' value='chrome-108.0.5359.125'/>
            </parameters>
            <steps/>
            <attachments/>
            <failure>
                <message>Step "I am on the login page" is not defined. You can ignore this error by setting cucumberOpts.ignoreUndefinedDefinitions as true.</message>
                <stack-trace>Step "I am on the login page" is not defined. You can ignore this error by setting cucumberOpts.ignoreUndefinedDefinitions as true.
                	at Feature(C:\Users\cansu\OneDrive\Belgeler\ts-codes\features\login.feature):1:1
                	at Scenario(As a user, I can try to login):3:3
                	at Step(I am on the login page):5:5
                </stack-trace>
            </failure>
        </test-case>
        <test-case start='1673049711320' status='broken' stop='1673049711321'>
            <name>When I login with doruktaskin and SuperSecretPassword!</name>
            <title>When I login with doruktaskin and SuperSecretPassword!</title>
            <labels>
                <label name='language' value='javascript'/>
                <label name='framework' value='wdio'/>
                <label name='thread' value='0-0'/>
            </labels>
            <parameters>
                <parameter kind='argument' name='browser' value='chrome-108.0.5359.125'/>
            </parameters>
            <steps/>
            <attachments/>
            <failure>
                <message>Step "I login with doruktaskin and SuperSecretPassword!" is not defined. You can ignore this error by setting cucumberOpts.ignoreUndefinedDefinitions as true.</message>
                <stack-trace>Step "I login with doruktaskin and SuperSecretPassword!" is not defined. You can ignore this error by setting cucumberOpts.ignoreUndefinedDefinitions as true.
                	at Feature(C:\Users\cansu\OneDrive\Belgeler\ts-codes\features\login.feature):1:1
                	at Scenario(As a user, I can try to login):3:3
                	at Step(I login with &lt;username> and &lt;password>):6:5
                </stack-trace>
            </failure>
        </test-case>
        <test-case start='1673049711321' status='broken' stop='1673049711321'>
            <name>Then I should see a flash message saying Sorry, dit is geen geldig e-mailadres</name>
            <title>Then I should see a flash message saying Sorry, dit is geen geldig e-mailadres</title>
            <labels>
                <label name='language' value='javascript'/>
                <label name='framework' value='wdio'/>
                <label name='thread' value='0-0'/>
            </labels>
            <parameters>
                <parameter kind='argument' name='browser' value='chrome-108.0.5359.125'/>
            </parameters>
            <steps/>
            <attachments/>
            <failure>
                <message>Step "I should see a flash message saying Sorry, dit is geen geldig e-mailadres" is not defined. You can ignore this error by setting cucumberOpts.ignoreUndefinedDefinitions as true.</message>
                <stack-trace>Step "I should see a flash message saying Sorry, dit is geen geldig e-mailadres" is not defined. You can ignore this error by setting cucumberOpts.ignoreUndefinedDefinitions as true.
                	at Feature(C:\Users\cansu\OneDrive\Belgeler\ts-codes\features\login.feature):1:1
                	at Scenario(As a user, I can try to login):3:3
                	at Step(I should see a flash message saying &lt;message>):7:5
                </stack-trace>
            </failure>
        </test-case>
        <test-case start='1673049711321' status='passed' stop='1673049711322'>
            <name></name>
            <title></title>
            <labels>
                <label name='language' value='javascript'/>
                <label name='framework' value='wdio'/>
                <label name='thread' value='0-0'/>
            </labels>
            <parameters>
                <parameter kind='argument' name='browser' value='chrome-108.0.5359.125'/>
            </parameters>
            <steps/>
            <attachments/>
        </test-case>
    </test-cases>
</ns2:test-suite>