<?xml version='1.0'?>
<ns2:test-suite xmlns:ns2='urn:model.allure.qatools.yandex.ru' start='1673006849566' stop='1673006849568'>
    <name>Basic Login Test: As a user, I can log into the secure area</name>
    <title>Basic Login Test: As a user, I can log into the secure area</title>
    <test-cases>
        <test-case start='1673006849566' status='passed' stop='1673006849567'>
            <name></name>
            <title></title>
            <labels>
                <label name='language' value='javascript'/>
                <label name='framework' value='wdio'/>
                <label name='thread' value='0-0'/>
            </labels>
            <parameters>
                <parameter kind='argument' name='browser' value='chrome-108.0.5359.125'/>
            </parameters>
            <steps/>
            <attachments/>
        </test-case>
        <test-case start='1673006849567' status='broken' stop='1673006849567'>
            <name>Given I open the url "https://nl.tommy.com/"</name>
            <title>Given I open the url "https://nl.tommy.com/"</title>
            <labels>
                <label name='language' value='javascript'/>
                <label name='framework' value='wdio'/>
                <label name='thread' value='0-0'/>
            </labels>
            <parameters>
                <parameter kind='argument' name='browser' value='chrome-108.0.5359.125'/>
            </parameters>
            <steps/>
            <attachments/>
            <failure>
                <message>Step "I open the url "https://nl.tommy.com/"" is not defined. You can ignore this error by setting cucumberOpts.ignoreUndefinedDefinitions as true.</message>
                <stack-trace>Step "I open the url "https://nl.tommy.com/"" is not defined. You can ignore this error by setting cucumberOpts.ignoreUndefinedDefinitions as true.
                	at Feature(C:\Users\cansu\OneDrive\Belgeler\ts-codes\features\login.feature):1:1
                	at Scenario(As a user, I can log into the secure area):3:3
                	at Step(I open the url "https://nl.tommy.com/"):5:5
                </stack-trace>
            </failure>
        </test-case>
        <test-case start='1673006849567' status='broken' stop='1673006849567'>
            <name>And I click the element "//button[text()='Accepteer Alles']"</name>
            <title>And I click the element "//button[text()='Accepteer Alles']"</title>
            <labels>
                <label name='language' value='javascript'/>
                <label name='framework' value='wdio'/>
                <label name='thread' value='0-0'/>
            </labels>
            <parameters>
                <parameter kind='argument' name='browser' value='chrome-108.0.5359.125'/>
            </parameters>
            <steps/>
            <attachments/>
            <failure>
                <message>Step "I click the element "//button[text()='Accepteer Alles']"" is not defined. You can ignore this error by setting cucumberOpts.ignoreUndefinedDefinitions as true.</message>
                <stack-trace>Step "I click the element "//button[text()='Accepteer Alles']"" is not defined. You can ignore this error by setting cucumberOpts.ignoreUndefinedDefinitions as true.
                	at Feature(C:\Users\cansu\OneDrive\Belgeler\ts-codes\features\login.feature):1:1
                	at Scenario(As a user, I can log into the secure area):3:3
                	at Step(I click the element "//button[text()='Accepteer Alles']"):6:5
                </stack-trace>
            </failure>
        </test-case>
        <test-case start='1673006849567' status='pending' stop='1673006849568'>
            <name>When I login with foobar and barfoo</name>
            <title>When I login with foobar and barfoo</title>
            <labels>
                <label name='language' value='javascript'/>
                <label name='framework' value='wdio'/>
                <label name='thread' value='0-0'/>
            </labels>
            <parameters>
                <parameter kind='argument' name='browser' value='chrome-108.0.5359.125'/>
            </parameters>
            <steps/>
            <attachments/>
        </test-case>
        <test-case start='1673006849568' status='pending' stop='1673006849568'>
            <name>Then I should see a flash message saying Your username is invalid!</name>
            <title>Then I should see a flash message saying Your username is invalid!</title>
            <labels>
                <label name='language' value='javascript'/>
                <label name='framework' value='wdio'/>
                <label name='thread' value='0-0'/>
            </labels>
            <parameters>
                <parameter kind='argument' name='browser' value='chrome-108.0.5359.125'/>
            </parameters>
            <steps/>
            <attachments/>
        </test-case>
        <test-case start='1673006849568' status='passed' stop='1673006849568'>
            <name></name>
            <title></title>
            <labels>
                <label name='language' value='javascript'/>
                <label name='framework' value='wdio'/>
                <label name='thread' value='0-0'/>
            </labels>
            <parameters>
                <parameter kind='argument' name='browser' value='chrome-108.0.5359.125'/>
            </parameters>
            <steps/>
            <attachments/>
        </test-case>
    </test-cases>
</ns2:test-suite>