<?xml version='1.0'?>
<ns2:test-suite xmlns:ns2='urn:model.allure.qatools.yandex.ru' start='1673051321819' stop='1673051321821'>
    <name>Tommy Fake Login: As a user, I can try to login</name>
    <title>Tommy Fake Login: As a user, I can try to login</title>
    <test-cases>
        <test-case start='1673051321819' status='passed' stop='1673051321820'>
            <name></name>
            <title></title>
            <labels>
                <label name='language' value='javascript'/>
                <label name='framework' value='wdio'/>
                <label name='thread' value='0-0'/>
            </labels>
            <parameters>
                <parameter kind='argument' name='browser' value='chrome-108.0.5359.125'/>
            </parameters>
            <steps/>
            <attachments/>
        </test-case>
        <test-case start='1673051321820' status='broken' stop='1673051321820'>
            <name>Given I open the url "https://nl.tommy.com/"</name>
            <title>Given I open the url "https://nl.tommy.com/"</title>
            <labels>
                <label name='language' value='javascript'/>
                <label name='framework' value='wdio'/>
                <label name='thread' value='0-0'/>
            </labels>
            <parameters>
                <parameter kind='argument' name='browser' value='chrome-108.0.5359.125'/>
            </parameters>
            <steps/>
            <attachments/>
            <failure>
                <message>Step "I open the url "https://nl.tommy.com/"" is not defined. You can ignore this error by setting cucumberOpts.ignoreUndefinedDefinitions as true.</message>
                <stack-trace>Step "I open the url "https://nl.tommy.com/"" is not defined. You can ignore this error by setting cucumberOpts.ignoreUndefinedDefinitions as true.
                	at Feature(C:\Users\cansu\OneDrive\Belgeler\ts-codes\features\login.feature):1:1
                	at Scenario(As a user, I can try to login):16:1
                	at Step(I open the url "https://nl.tommy.com/"):18:5
                </stack-trace>
            </failure>
        </test-case>
        <test-case start='1673051321820' status='broken' stop='1673051321821'>
            <name>When I login with doruktaskin89@gmail.com and SuperSecretPassword!</name>
            <title>When I login with doruktaskin89@gmail.com and SuperSecretPassword!</title>
            <labels>
                <label name='language' value='javascript'/>
                <label name='framework' value='wdio'/>
                <label name='thread' value='0-0'/>
            </labels>
            <parameters>
                <parameter kind='argument' name='browser' value='chrome-108.0.5359.125'/>
            </parameters>
            <steps/>
            <attachments/>
            <failure>
                <message>Step "I login with doruktaskin89@gmail.com and SuperSecretPassword!" is not defined. You can ignore this error by setting cucumberOpts.ignoreUndefinedDefinitions as true.</message>
                <stack-trace>Step "I login with doruktaskin89@gmail.com and SuperSecretPassword!" is not defined. You can ignore this error by setting cucumberOpts.ignoreUndefinedDefinitions as true.
                	at Feature(C:\Users\cansu\OneDrive\Belgeler\ts-codes\features\login.feature):1:1
                	at Scenario(As a user, I can try to login):16:1
                	at Step(I login with &lt;username> and &lt;password>):19:5
                </stack-trace>
            </failure>
        </test-case>
        <test-case start='1673051321821' status='pending' stop='1673051321821'>
            <name>Then I should see a flash message saying Sorry, dit is geen geldig e-mailadres</name>
            <title>Then I should see a flash message saying Sorry, dit is geen geldig e-mailadres</title>
            <labels>
                <label name='language' value='javascript'/>
                <label name='framework' value='wdio'/>
                <label name='thread' value='0-0'/>
            </labels>
            <parameters>
                <parameter kind='argument' name='browser' value='chrome-108.0.5359.125'/>
            </parameters>
            <steps/>
            <attachments/>
        </test-case>
        <test-case start='1673051321821' status='passed' stop='1673051321821'>
            <name></name>
            <title></title>
            <labels>
                <label name='language' value='javascript'/>
                <label name='framework' value='wdio'/>
                <label name='thread' value='0-0'/>
            </labels>
            <parameters>
                <parameter kind='argument' name='browser' value='chrome-108.0.5359.125'/>
            </parameters>
            <steps/>
            <attachments/>
        </test-case>
    </test-cases>
</ns2:test-suite>